1595594889215	mozrunner::runner	INFO	Running command: "C:\\Program Files\\Mozilla Firefox\\firefox.exe" "-marionette" "-foreground" "-no-remote" "-profile" "C:\\Users\\nes07849\\AppData\\Local\\Temp\\rust_mozprofile1a0vc1"
JavaScript error: resource://gre/modules/XULStore.jsm, line 66: Error: Can't find profile directory.
1595594890916	Marionette	INFO	Listening on port 61590
1595594891323	Marionette	WARN	TLS certificate errors will be ignored for this session
JavaScript warning: https://localcontrol.firstnet.att.com/js/bundle.cb8bb9bea746bb5f2940.js, line 432: unreachable code after return statement
JavaScript error: https://localcontrol.firstnet.att.com/js/bundle.cb8bb9bea746bb5f2940.js line 1 > eval, line 133: Error: Auth failed - redirecting to SSO login...
JavaScript error: https://fcontent.att.com/dynamic/detm-container-hdr.js, line 1: SyntaxError: expected expression, got '<'
JavaScript error: https://fcontent.att.com/dynamic/detm-container-ftr.js, line 1: SyntaxError: expected expression, got '<'
JavaScript warning: https://localcontrol.firstnet.att.com/js/bundle.cb8bb9bea746bb5f2940.js, line 432: unreachable code after return statement
JavaScript warning: https://cc19.jasper.com/provision/jw/ext/ext-all.js, line 18: unreachable code after return statement
JavaScript warning: https://cc19.jasper.com/provision/jw/ext/ext-all.js, line 18: unreachable code after return statement
JavaScript warning: https://cc19.jasper.com/provision/jw/bundles/bundle-framework.min.js, line 1: unreachable code after return statement
JavaScript warning: https://cc19.jasper.com/provision/jw/bundles/bundle-framework.min.js, line 1: unreachable code after return statement
JavaScript warning: https://cc19.jasper.com/provision/jw/bundles/bundle-framework.min.js line 1 > eval, line 1: unreachable code after return statement
JavaScript warning: https://cc19.jasper.com/provision/jw/ext/ext-all.js, line 18: unreachable code after return statement
JavaScript warning: https://cc19.jasper.com/provision/jw/bundles/bundle-framework.min.js, line 1: unreachable code after return statement
JavaScript error: https://cc19.jasper.com/provision/ui/terminals/servmon/skuOrderstab.js, line 47: SyntaxError: expected expression, got '<'
JavaScript error: https://cc19.jasper.com/provision/ui/terminals/partnersims/partneraccountstab.js, line 47: SyntaxError: expected expression, got '<'
JavaScript error: https://cc19.jasper.com/provision/ui/terminals/servmon/skuOrderstab.js, line 47: SyntaxError: expected expression, got '<'
1595594933629	Marionette	INFO	Stopped listening on port 61590

###!!! [Child][MessageChannel::SendAndWait] Error: Channel error: cannot send/recv

1595594957711	mozrunner::runner	INFO	Running command: "C:\\Program Files\\Mozilla Firefox\\firefox.exe" "-marionette" "-foreground" "-no-remote" "-profile" "C:\\Users\\nes07849\\AppData\\Local\\Temp\\rust_mozprofileibhq24"
JavaScript error: resource://gre/modules/XULStore.jsm, line 66: Error: Can't find profile directory.
1595594959409	Marionette	INFO	Listening on port 61714
1595594959816	Marionette	WARN	TLS certificate errors will be ignored for this session
JavaScript warning: https://localcontrol.firstnet.att.com/js/bundle.cb8bb9bea746bb5f2940.js, line 432: unreachable code after return statement
JavaScript error: https://localcontrol.firstnet.att.com/js/bundle.cb8bb9bea746bb5f2940.js line 1 > eval, line 133: Error: Auth failed - redirecting to SSO login...
JavaScript error: https://fcontent.att.com/dynamic/detm-container-hdr.js, line 1: SyntaxError: expected expression, got '<'
JavaScript error: https://fcontent.att.com/dynamic/detm-container-ftr.js, line 1: SyntaxError: expected expression, got '<'
JavaScript warning: https://localcontrol.firstnet.att.com/js/bundle.cb8bb9bea746bb5f2940.js, line 432: unreachable code after return statement
JavaScript warning: https://cc19.jasper.com/provision/jw/ext/ext-all.js, line 18: unreachable code after return statement
JavaScript warning: https://cc19.jasper.com/provision/jw/bundles/bundle-framework.min.js, line 1: unreachable code after return statement
1595594984347	Marionette	INFO	Stopped listening on port 61714

###!!! [Child][MessageChannel::SendAndWait] Error: Channel error: cannot send/recv

1595595003131	mozrunner::runner	INFO	Running command: "C:\\Program Files\\Mozilla Firefox\\firefox.exe" "-marionette" "-foreground" "-no-remote" "-profile" "C:\\Users\\nes07849\\AppData\\Local\\Temp\\rust_mozprofileQLUHNQ"
JavaScript error: resource://gre/modules/XULStore.jsm, line 66: Error: Can't find profile directory.
1595595004768	Marionette	INFO	Listening on port 61827
1595595005238	Marionette	WARN	TLS certificate errors will be ignored for this session
JavaScript warning: https://localcontrol.firstnet.att.com/js/bundle.cb8bb9bea746bb5f2940.js, line 432: unreachable code after return statement
JavaScript error: https://localcontrol.firstnet.att.com/js/bundle.cb8bb9bea746bb5f2940.js line 1 > eval, line 133: Error: Auth failed - redirecting to SSO login...
JavaScript error: https://fcontent.att.com/dynamic/detm-container-hdr.js, line 1: SyntaxError: expected expression, got '<'
JavaScript error: https://fcontent.att.com/dynamic/detm-container-ftr.js, line 1: SyntaxError: expected expression, got '<'
JavaScript warning: https://localcontrol.firstnet.att.com/js/bundle.cb8bb9bea746bb5f2940.js, line 432: unreachable code after return statement
JavaScript warning: https://cc19.jasper.com/provision/jw/ext/ext-all.js, line 18: unreachable code after return statement
JavaScript warning: https://cc19.jasper.com/provision/jw/bundles/bundle-framework.min.js, line 1: unreachable code after return statement
1595595045496	Marionette	INFO	Stopped listening on port 61827

###!!! [Child][RunMessage] Error: Channel closing: too late to send/recv, messages will be lost


###!!! [Child][MessageChannel::SendAndWait] Error: Channel error: cannot send/recv

1595595068053	mozrunner::runner	INFO	Running command: "C:\\Program Files\\Mozilla Firefox\\firefox.exe" "-marionette" "-foreground" "-no-remote" "-profile" "C:\\Users\\nes07849\\AppData\\Local\\Temp\\rust_mozprofileLCOJw5"
JavaScript error: resource://gre/modules/XULStore.jsm, line 66: Error: Can't find profile directory.
1595595069582	Marionette	INFO	Listening on port 61942
1595595069662	Marionette	WARN	TLS certificate errors will be ignored for this session
JavaScript warning: https://localcontrol.firstnet.att.com/js/bundle.cb8bb9bea746bb5f2940.js, line 432: unreachable code after return statement
JavaScript error: https://localcontrol.firstnet.att.com/js/bundle.cb8bb9bea746bb5f2940.js line 1 > eval, line 133: Error: Auth failed - redirecting to SSO login...
JavaScript error: https://fcontent.att.com/dynamic/detm-container-hdr.js, line 1: SyntaxError: expected expression, got '<'
JavaScript error: https://fcontent.att.com/dynamic/detm-container-ftr.js, line 1: SyntaxError: expected expression, got '<'
JavaScript warning: https://localcontrol.firstnet.att.com/js/bundle.cb8bb9bea746bb5f2940.js, line 432: unreachable code after return statement
JavaScript warning: https://cc19.jasper.com/provision/jw/ext/ext-all.js, line 18: unreachable code after return statement
JavaScript warning: https://cc19.jasper.com/provision/jw/ext/ext-all.js, line 18: unreachable code after return statement
JavaScript warning: https://cc19.jasper.com/provision/jw/bundles/bundle-framework.min.js, line 1: unreachable code after return statement
JavaScript warning: https://cc19.jasper.com/provision/jw/bundles/bundle-framework.min.js, line 1: unreachable code after return statement
JavaScript warning: https://cc19.jasper.com/provision/jw/bundles/bundle-framework.min.js line 1 > eval, line 1: unreachable code after return statement
JavaScript warning: https://cc19.jasper.com/provision/jw/ext/ext-all.js, line 18: unreachable code after return statement
JavaScript warning: https://cc19.jasper.com/provision/jw/bundles/bundle-framework.min.js, line 1: unreachable code after return statement
JavaScript error: https://cc19.jasper.com/provision/ui/terminals/servmon/skuOrderstab.js, line 47: SyntaxError: expected expression, got '<'
JavaScript error: https://cc19.jasper.com/provision/ui/terminals/partnersims/partneraccountstab.js, line 47: SyntaxError: expected expression, got '<'
JavaScript error: https://cc19.jasper.com/provision/ui/terminals/servmon/skuOrderstab.js, line 47: SyntaxError: expected expression, got '<'
1595595112881	Marionette	INFO	Stopped listening on port 61942

###!!! [Child][RunMessage] Error: Channel closing: too late to send/recv, messages will be lost


###!!! [Child][MessageChannel::SendAndWait] Error: Channel error: cannot send/recv

1595602859998	mozrunner::runner	INFO	Running command: "C:\\Program Files\\Mozilla Firefox\\firefox.exe" "-marionette" "-foreground" "-no-remote" "-profile" "C:\\Users\\nes07849\\AppData\\Local\\Temp\\rust_mozprofile4AxJ8V"
JavaScript error: resource://gre/modules/XULStore.jsm, line 66: Error: Can't find profile directory.
1595602861578	Marionette	INFO	Listening on port 56532
1595602861604	Marionette	WARN	TLS certificate errors will be ignored for this session
JavaScript warning: https://localcontrol.firstnet.att.com/js/bundle.cb8bb9bea746bb5f2940.js, line 432: unreachable code after return statement
JavaScript error: https://localcontrol.firstnet.att.com/js/bundle.cb8bb9bea746bb5f2940.js line 1 > eval, line 133: Error: Auth failed - redirecting to SSO login...
JavaScript error: https://fcontent.att.com/dynamic/detm-container-hdr.js, line 1: SyntaxError: expected expression, got '<'
JavaScript error: https://fcontent.att.com/dynamic/detm-container-ftr.js, line 1: SyntaxError: expected expression, got '<'
JavaScript warning: https://localcontrol.firstnet.att.com/js/bundle.cb8bb9bea746bb5f2940.js, line 432: unreachable code after return statement
JavaScript warning: https://cc19.jasper.com/provision/jw/ext/ext-all.js, line 18: unreachable code after return statement
JavaScript warning: https://cc19.jasper.com/provision/jw/bundles/bundle-framework.min.js, line 1: unreachable code after return statement
JavaScript warning: https://cc19.jasper.com/provision/jw/bundles/bundle-framework.min.js line 1 > eval, line 1: unreachable code after return statement
1595602892456	Marionette	INFO	Stopped listening on port 56532

###!!! [Child][RunMessage] Error: Channel closing: too late to send/recv, messages will be lost


###!!! [Child][MessageChannel::SendAndWait] Error: Channel error: cannot send/recv

1595602918011	mozrunner::runner	INFO	Running command: "C:\\Program Files\\Mozilla Firefox\\firefox.exe" "-marionette" "-foreground" "-no-remote" "-profile" "C:\\Users\\nes07849\\AppData\\Local\\Temp\\rust_mozprofileuGmCrB"
JavaScript error: resource://gre/modules/XULStore.jsm, line 66: Error: Can't find profile directory.
1595602919584	Marionette	INFO	Listening on port 56643
1595602919619	Marionette	WARN	TLS certificate errors will be ignored for this session
JavaScript warning: https://localcontrol.firstnet.att.com/js/bundle.cb8bb9bea746bb5f2940.js, line 432: unreachable code after return statement
JavaScript error: https://localcontrol.firstnet.att.com/js/bundle.cb8bb9bea746bb5f2940.js line 1 > eval, line 133: Error: Auth failed - redirecting to SSO login...
JavaScript error: https://fcontent.att.com/dynamic/detm-container-hdr.js, line 1: SyntaxError: expected expression, got '<'
JavaScript error: https://fcontent.att.com/dynamic/detm-container-ftr.js, line 1: SyntaxError: expected expression, got '<'
JavaScript warning: https://localcontrol.firstnet.att.com/js/bundle.cb8bb9bea746bb5f2940.js, line 432: unreachable code after return statement
JavaScript warning: https://cc19.jasper.com/provision/jw/ext/ext-all.js, line 18: unreachable code after return statement
JavaScript warning: https://cc19.jasper.com/provision/jw/bundles/bundle-framework.min.js, line 1: unreachable code after return statement
JavaScript warning: https://cc19.jasper.com/provision/jw/bundles/bundle-framework.min.js line 1 > eval, line 1: unreachable code after return statement
1595602946530	Marionette	INFO	Stopped listening on port 56643

###!!! [Child][RunMessage] Error: Channel closing: too late to send/recv, messages will be lost


###!!! [Child][MessageChannel::SendAndWait] Error: Channel error: cannot send/recv

1595603025472	mozrunner::runner	INFO	Running command: "C:\\Program Files\\Mozilla Firefox\\firefox.exe" "-marionette" "-foreground" "-no-remote" "-profile" "C:\\Users\\nes07849\\AppData\\Local\\Temp\\rust_mozprofileR45N4k"
JavaScript error: resource://gre/modules/XULStore.jsm, line 66: Error: Can't find profile directory.
1595603027112	Marionette	INFO	Listening on port 56756
1595603027578	Marionette	WARN	TLS certificate errors will be ignored for this session
JavaScript warning: https://localcontrol.firstnet.att.com/js/bundle.cb8bb9bea746bb5f2940.js, line 432: unreachable code after return statement
JavaScript error: https://localcontrol.firstnet.att.com/js/bundle.cb8bb9bea746bb5f2940.js line 1 > eval, line 133: Error: Auth failed - redirecting to SSO login...
JavaScript error: https://fcontent.att.com/dynamic/detm-container-hdr.js, line 1: SyntaxError: expected expression, got '<'
JavaScript error: https://fcontent.att.com/dynamic/detm-container-ftr.js, line 1: SyntaxError: expected expression, got '<'
JavaScript warning: https://localcontrol.firstnet.att.com/js/bundle.cb8bb9bea746bb5f2940.js, line 432: unreachable code after return statement
JavaScript warning: https://cc19.jasper.com/provision/jw/ext/ext-all.js, line 18: unreachable code after return statement
JavaScript warning: https://cc19.jasper.com/provision/jw/bundles/bundle-framework.min.js, line 1: unreachable code after return statement
JavaScript warning: https://cc19.jasper.com/provision/jw/ext/ext-all.js, line 18: unreachable code after return statement
JavaScript warning: https://cc19.jasper.com/provision/jw/bundles/bundle-framework.min.js, line 1: unreachable code after return statement
JavaScript warning: https://cc19.jasper.com/provision/jw/bundles/bundle-framework.min.js line 1 > eval, line 1: unreachable code after return statement
JavaScript warning: https://cc19.jasper.com/provision/jw/ext/ext-all.js, line 18: unreachable code after return statement
JavaScript warning: https://cc19.jasper.com/provision/jw/bundles/bundle-framework.min.js, line 1: unreachable code after return statement
JavaScript error: https://cc19.jasper.com/provision/ui/terminals/servmon/skuOrderstab.js, line 47: SyntaxError: expected expression, got '<'
JavaScript error: https://cc19.jasper.com/provision/ui/terminals/partnersims/partneraccountstab.js, line 47: SyntaxError: expected expression, got '<'
JavaScript error: https://cc19.jasper.com/provision/ui/terminals/servmon/skuOrderstab.js, line 47: SyntaxError: expected expression, got '<'
1595603072910	Marionette	INFO	Stopped listening on port 56756

###!!! [Child][RunMessage] Error: Channel closing: too late to send/recv, messages will be lost


###!!! [Child][MessageChannel::SendAndWait] Error: Channel error: cannot send/recv

1595604250780	mozrunner::runner	INFO	Running command: "C:\\Program Files\\Mozilla Firefox\\firefox.exe" "-marionette" "-foreground" "-no-remote" "-profile" "C:\\Users\\nes07849\\AppData\\Local\\Temp\\rust_mozprofileSqhgiA"
JavaScript error: resource://gre/modules/XULStore.jsm, line 66: Error: Can't find profile directory.
1595604252396	Marionette	INFO	Listening on port 49400
1595604252886	Marionette	WARN	TLS certificate errors will be ignored for this session
JavaScript error: resource://gre/modules/URIFixup.jsm, line 281: NS_ERROR_FAILURE: Should pass a non-null uri
JavaScript warning: https://localcontrol.firstnet.att.com/js/bundle.cb8bb9bea746bb5f2940.js, line 432: unreachable code after return statement
JavaScript error: https://localcontrol.firstnet.att.com/js/bundle.cb8bb9bea746bb5f2940.js line 1 > eval, line 133: Error: Auth failed - redirecting to SSO login...
JavaScript error: https://fcontent.att.com/dynamic/detm-container-hdr.js, line 1: SyntaxError: expected expression, got '<'
JavaScript error: https://fcontent.att.com/dynamic/detm-container-ftr.js, line 1: SyntaxError: expected expression, got '<'
JavaScript warning: https://localcontrol.firstnet.att.com/js/bundle.cb8bb9bea746bb5f2940.js, line 432: unreachable code after return statement
1595604268368	Marionette	INFO	Stopped listening on port 49400

###!!! [Child][RunMessage] Error: Channel closing: too late to send/recv, messages will be lost


###!!! [Child][MessageChannel::SendAndWait] Error: Channel error: cannot send/recv

1596041111643	mozrunner::runner	INFO	Running command: "C:\\Program Files\\Mozilla Firefox\\firefox.exe" "-marionette" "-foreground" "-no-remote" "-profile" "C:\\Users\\nes07849\\AppData\\Local\\Temp\\rust_mozprofile8LJQ4A"
JavaScript error: resource://gre/modules/XULStore.jsm, line 66: Error: Can't find profile directory.
1596041113224	Marionette	INFO	Listening on port 50181
1596041113259	Marionette	WARN	TLS certificate errors will be ignored for this session
JavaScript error: resource://gre/modules/URIFixup.jsm, line 281: NS_ERROR_FAILURE: Should pass a non-null uri
JavaScript warning: https://localcontrol.firstnet.att.com/js/bundle.cb8bb9bea746bb5f2940.js, line 432: unreachable code after return statement
JavaScript error: https://localcontrol.firstnet.att.com/js/bundle.cb8bb9bea746bb5f2940.js line 1 > eval, line 133: Error: Auth failed - redirecting to SSO login...
JavaScript error: https://fcontent.att.com/dynamic/detm-container-hdr.js, line 1: SyntaxError: expected expression, got '<'
JavaScript error: https://fcontent.att.com/dynamic/detm-container-ftr.js, line 1: SyntaxError: expected expression, got '<'
JavaScript error: resource://devtools/client/jsonview/converter-observer.js, line 94: NS_ERROR_NOT_AVAILABLE: Component returned failure code: 0x80040111 (NS_ERROR_NOT_AVAILABLE) [nsIChannel.contentType]
1596041120121	Marionette	INFO	Stopped listening on port 50181

###!!! [Child][RunMessage] Error: Channel closing: too late to send/recv, messages will be lost


###!!! [Child][MessageChannel::SendAndWait] Error: Channel error: cannot send/recv

